<?xml version="1.0" encoding="utf-8"?><testsuites name="pytest tests"><testsuite name="pytest" errors="0" failures="0" skipped="0" tests="22" time="6.673" timestamp="2026-03-30T15:38:28.166671+00:00" hostname="agent-env-852a709f-b77d-49bd-9470-fe245eb0fdbc"><testcase classname="tests.test_api.TestAuth" name="test_login_success" time="0.507" /><testcase classname="tests.test_api.TestAuth" name="test_login_invalid_credentials" time="0.370" /><testcase classname="tests.test_api.TestAuth" name="test_login_nonexistent_user" time="0.122" /><testcase classname="tests.test_api.TestAuth" name="test_me_without_token" time="0.137" /><testcase classname="tests.test_api.TestAuth" name="test_me_with_valid_token" time="0.395" /><testcase classname="tests.test_api.TestAgents" name="test_list_agents" time="0.399" /><testcase classname="tests.test_api.TestAgents" name="test_create_agent" time="0.201" /><testcase classname="tests.test_api.TestAgents" name="test_get_agent" time="0.222" /><testcase classname="tests.test_api.TestAgents" name="test_update_agent" time="0.266" /><testcase classname="tests.test_api.TestAgents" name="test_delete_agent" time="0.212" /><testcase classname="tests.test_api.TestAgents" name="test_get_nonexistent_agent" time="0.108" /><testcase classname="tests.test_api.TestPolicies" name="test_list_policies" time="0.129" /><testcase classname="tests.test_api.TestPolicies" name="test_create_policy" time="0.193" /><testcase classname="tests.test_api.TestPolicies" name="test_update_policy" time="0.276" /><testcase classname="tests.test_api.TestPolicies" name="test_delete_policy" time="0.240" /><testcase classname="tests.test_api.TestAudit" name="test_list_audit_logs" time="0.129" /><testcase classname="tests.test_api.TestAudit" name="test_audit_logs_contain_login" time="0.124" /><testcase classname="tests.test_api.TestCompliance" name="test_list_compliance_standards" time="0.152" /><testcase classname="tests.test_api.TestDashboard" name="test_get_dashboard_stats" time="0.158" /><testcase classname="tests.test_api.TestChat" name="test_chat_message" time="1.553" /><testcase classname="tests.test_api.TestSecurityHeaders" name="test_security_headers_present" time="0.156" /><testcase classname="tests.test_api.TestRoleBasedAccess" name="test_viewer_cannot_create_agent" time="0.451" /></testsuite></testsuites>