<?xml version="1.0" encoding="utf-8"?><testsuites name="pytest tests"><testsuite name="pytest" errors="0" failures="0" skipped="0" tests="24" time="8.101" timestamp="2026-04-01T12:51:12.246892+00:00" hostname="agent-env-852a709f-b77d-49bd-9470-fe245eb0fdbc"><testcase classname="tests.test_api.TestAuth" name="test_login_success" time="0.375" /><testcase classname="tests.test_api.TestAuth" name="test_login_invalid_credentials" time="0.356" /><testcase classname="tests.test_api.TestAuth" name="test_login_nonexistent_user" time="0.114" /><testcase classname="tests.test_api.TestAuth" name="test_me_without_token" time="0.122" /><testcase classname="tests.test_api.TestAuth" name="test_me_with_valid_token" time="0.400" /><testcase classname="tests.test_api.TestAgents" name="test_list_agents" time="0.443" /><testcase classname="tests.test_api.TestAgents" name="test_create_agent" time="0.164" /><testcase classname="tests.test_api.TestAgents" name="test_get_agent" time="0.212" /><testcase classname="tests.test_api.TestAgents" name="test_update_agent" time="0.253" /><testcase classname="tests.test_api.TestAgents" name="test_delete_agent" time="0.210" /><testcase classname="tests.test_api.TestAgents" name="test_get_nonexistent_agent" time="0.101" /><testcase classname="tests.test_api.TestPolicies" name="test_list_policies" time="0.129" /><testcase classname="tests.test_api.TestPolicies" name="test_create_policy" time="0.164" /><testcase classname="tests.test_api.TestPolicies" name="test_update_policy" time="0.211" /><testcase classname="tests.test_api.TestPolicies" name="test_delete_policy" time="0.218" /><testcase classname="tests.test_api.TestAudit" name="test_list_audit_logs" time="0.105" /><testcase classname="tests.test_api.TestAudit" name="test_audit_logs_contain_login" time="0.116" /><testcase classname="tests.test_api.TestCompliance" name="test_list_compliance_standards" time="0.119" /><testcase classname="tests.test_api.TestCompliance" name="test_sox_standard_present" time="0.114" /><testcase classname="tests.test_api.TestCompliance" name="test_seven_compliance_standards" time="0.099" /><testcase classname="tests.test_api.TestDashboard" name="test_get_dashboard_stats" time="0.115" /><testcase classname="tests.test_api.TestChat" name="test_chat_message" time="3.612" /><testcase classname="tests.test_api.TestSecurityHeaders" name="test_security_headers_present" time="0.121" /><testcase classname="tests.test_api.TestRoleBasedAccess" name="test_viewer_cannot_create_agent" time="0.132" /></testsuite></testsuites>