<?xml version="1.0" encoding="utf-8"?><testsuites name="pytest tests"><testsuite name="pytest" errors="0" failures="0" skipped="0" tests="34" time="8.294" timestamp="2026-04-01T14:07:18.043901+00:00" hostname="agent-env-852a709f-b77d-49bd-9470-fe245eb0fdbc"><testcase classname="backend.tests.test_api.TestAuth" name="test_login_success" time="0.504" /><testcase classname="backend.tests.test_api.TestAuth" name="test_login_invalid_credentials" time="0.331" /><testcase classname="backend.tests.test_api.TestAuth" name="test_login_nonexistent_user" time="0.144" /><testcase classname="backend.tests.test_api.TestAuth" name="test_me_without_token" time="0.131" /><testcase classname="backend.tests.test_api.TestAuth" name="test_me_with_valid_token" time="0.387" /><testcase classname="backend.tests.test_api.TestAgents" name="test_list_agents" time="0.401" /><testcase classname="backend.tests.test_api.TestAgents" name="test_create_agent" time="0.192" /><testcase classname="backend.tests.test_api.TestAgents" name="test_get_agent" time="0.297" /><testcase classname="backend.tests.test_api.TestAgents" name="test_update_agent" time="0.224" /><testcase classname="backend.tests.test_api.TestAgents" name="test_delete_agent" time="0.219" /><testcase classname="backend.tests.test_api.TestAgents" name="test_get_nonexistent_agent" time="0.110" /><testcase classname="backend.tests.test_api.TestPolicies" name="test_list_policies" time="0.108" /><testcase classname="backend.tests.test_api.TestPolicies" name="test_create_policy" time="0.183" /><testcase classname="backend.tests.test_api.TestPolicies" name="test_update_policy" time="0.243" /><testcase classname="backend.tests.test_api.TestPolicies" name="test_delete_policy" time="0.254" /><testcase classname="backend.tests.test_api.TestAudit" name="test_list_audit_logs" time="0.136" /><testcase classname="backend.tests.test_api.TestAudit" name="test_audit_logs_contain_login" time="0.100" /><testcase classname="backend.tests.test_api.TestCompliance" name="test_list_compliance_standards" time="0.109" /><testcase classname="backend.tests.test_api.TestCompliance" name="test_sox_standard_present" time="0.096" /><testcase classname="backend.tests.test_api.TestCompliance" name="test_seven_compliance_standards" time="0.126" /><testcase classname="backend.tests.test_api.TestDashboard" name="test_get_dashboard_stats" time="0.125" /><testcase classname="backend.tests.test_api.TestChat" name="test_chat_message" time="1.468" /><testcase classname="backend.tests.test_api.TestSecurityHeaders" name="test_security_headers_present" time="0.185" /><testcase classname="backend.tests.test_api.TestRoleBasedAccess" name="test_viewer_cannot_create_agent" time="0.162" /><testcase classname="backend.tests.test_api.TestSoxWizard" name="test_get_sox_controls" time="0.389" /><testcase classname="backend.tests.test_api.TestSoxWizard" name="test_patch_sox_control" time="0.182" /><testcase classname="backend.tests.test_api.TestSoxWizard" name="test_sox_report_json" time="0.135" /><testcase classname="backend.tests.test_api.TestSoxWizard" name="test_sox_report_pdf" time="0.151" /><testcase classname="backend.tests.test_api.TestSoxWizard" name="test_sox_readiness_score" time="0.107" /><testcase classname="backend.tests.test_api.TestSoxWizard" name="test_eight_compliance_standards" time="0.124" /><testcase classname="backend.tests.test_api.TestPolicyEngine" name="test_get_conflicts" time="0.406" /><testcase classname="backend.tests.test_api.TestPolicyEngine" name="test_conflicts_find_gaps" time="0.134" /><testcase classname="backend.tests.test_api.TestPolicyEngine" name="test_resolve_conflict" time="0.184" /><testcase classname="backend.tests.test_api.TestPolicyEngine" name="test_scan_history" time="0.147" /></testsuite></testsuites>