<?xml version="1.0" encoding="utf-8"?><testsuites name="pytest tests"><testsuite name="pytest" errors="0" failures="0" skipped="0" tests="30" time="7.509" timestamp="2026-04-01T13:42:23.547363+00:00" hostname="agent-env-852a709f-b77d-49bd-9470-fe245eb0fdbc"><testcase classname="backend.tests.test_api.TestAuth" name="test_login_success" time="0.382" /><testcase classname="backend.tests.test_api.TestAuth" name="test_login_invalid_credentials" time="0.330" /><testcase classname="backend.tests.test_api.TestAuth" name="test_login_nonexistent_user" time="0.154" /><testcase classname="backend.tests.test_api.TestAuth" name="test_me_without_token" time="0.121" /><testcase classname="backend.tests.test_api.TestAuth" name="test_me_with_valid_token" time="0.421" /><testcase classname="backend.tests.test_api.TestAgents" name="test_list_agents" time="0.390" /><testcase classname="backend.tests.test_api.TestAgents" name="test_create_agent" time="0.171" /><testcase classname="backend.tests.test_api.TestAgents" name="test_get_agent" time="0.277" /><testcase classname="backend.tests.test_api.TestAgents" name="test_update_agent" time="0.200" /><testcase classname="backend.tests.test_api.TestAgents" name="test_delete_agent" time="0.203" /><testcase classname="backend.tests.test_api.TestAgents" name="test_get_nonexistent_agent" time="0.114" /><testcase classname="backend.tests.test_api.TestPolicies" name="test_list_policies" time="0.111" /><testcase classname="backend.tests.test_api.TestPolicies" name="test_create_policy" time="0.162" /><testcase classname="backend.tests.test_api.TestPolicies" name="test_update_policy" time="0.257" /><testcase classname="backend.tests.test_api.TestPolicies" name="test_delete_policy" time="0.242" /><testcase classname="backend.tests.test_api.TestAudit" name="test_list_audit_logs" time="0.120" /><testcase classname="backend.tests.test_api.TestAudit" name="test_audit_logs_contain_login" time="0.105" /><testcase classname="backend.tests.test_api.TestCompliance" name="test_list_compliance_standards" time="0.102" /><testcase classname="backend.tests.test_api.TestCompliance" name="test_sox_standard_present" time="0.097" /><testcase classname="backend.tests.test_api.TestCompliance" name="test_seven_compliance_standards" time="0.164" /><testcase classname="backend.tests.test_api.TestDashboard" name="test_get_dashboard_stats" time="0.125" /><testcase classname="backend.tests.test_api.TestChat" name="test_chat_message" time="1.880" /><testcase classname="backend.tests.test_api.TestSecurityHeaders" name="test_security_headers_present" time="0.124" /><testcase classname="backend.tests.test_api.TestRoleBasedAccess" name="test_viewer_cannot_create_agent" time="0.125" /><testcase classname="backend.tests.test_api.TestSoxWizard" name="test_get_sox_controls" time="0.397" /><testcase classname="backend.tests.test_api.TestSoxWizard" name="test_patch_sox_control" time="0.176" /><testcase classname="backend.tests.test_api.TestSoxWizard" name="test_sox_report_json" time="0.115" /><testcase classname="backend.tests.test_api.TestSoxWizard" name="test_sox_report_pdf" time="0.136" /><testcase classname="backend.tests.test_api.TestSoxWizard" name="test_sox_readiness_score" time="0.110" /><testcase classname="backend.tests.test_api.TestSoxWizard" name="test_eight_compliance_standards" time="0.106" /></testsuite></testsuites>