<?xml version="1.0" encoding="utf-8"?><testsuites name="pytest tests"><testsuite name="pytest" errors="0" failures="0" skipped="0" tests="50" time="9.995" timestamp="2026-04-08T15:54:26.221984+00:00" hostname="agent-env-852a709f-b77d-49bd-9470-fe245eb0fdbc"><testcase classname="tests.test_api.TestAuth" name="test_login_success" time="0.370" /><testcase classname="tests.test_api.TestAuth" name="test_login_invalid_credentials" time="0.360" /><testcase classname="tests.test_api.TestAuth" name="test_login_nonexistent_user" time="0.116" /><testcase classname="tests.test_api.TestAuth" name="test_me_without_token" time="0.136" /><testcase classname="tests.test_api.TestAuth" name="test_me_with_valid_token" time="0.420" /><testcase classname="tests.test_api.TestAgents" name="test_list_agents" time="0.380" /><testcase classname="tests.test_api.TestAgents" name="test_create_agent" time="0.176" /><testcase classname="tests.test_api.TestAgents" name="test_get_agent" time="0.259" /><testcase classname="tests.test_api.TestAgents" name="test_update_agent" time="0.413" /><testcase classname="tests.test_api.TestAgents" name="test_delete_agent" time="0.235" /><testcase classname="tests.test_api.TestAgents" name="test_get_nonexistent_agent" time="0.109" /><testcase classname="tests.test_api.TestPolicies" name="test_list_policies" time="0.110" /><testcase classname="tests.test_api.TestPolicies" name="test_create_policy" time="0.176" /><testcase classname="tests.test_api.TestPolicies" name="test_update_policy" time="0.253" /><testcase classname="tests.test_api.TestPolicies" name="test_delete_policy" time="0.222" /><testcase classname="tests.test_api.TestAudit" name="test_list_audit_logs" time="0.114" /><testcase classname="tests.test_api.TestAudit" name="test_audit_logs_contain_login" time="0.106" /><testcase classname="tests.test_api.TestCompliance" name="test_list_compliance_standards" time="0.201" /><testcase classname="tests.test_api.TestCompliance" name="test_sox_standard_present" time="0.111" /><testcase classname="tests.test_api.TestCompliance" name="test_seven_compliance_standards" time="0.110" /><testcase classname="tests.test_api.TestDashboard" name="test_get_dashboard_stats" time="0.138" /><testcase classname="tests.test_api.TestChat" name="test_chat_message" time="1.172" /><testcase classname="tests.test_api.TestSecurityHeaders" name="test_security_headers_present" time="0.130" /><testcase classname="tests.test_api.TestRoleBasedAccess" name="test_viewer_cannot_create_agent" time="0.117" /><testcase classname="tests.test_api.TestSoxWizard" name="test_get_sox_controls" time="0.399" /><testcase classname="tests.test_api.TestSoxWizard" name="test_patch_sox_control" time="0.174" /><testcase classname="tests.test_api.TestSoxWizard" name="test_sox_report_json" time="0.123" /><testcase classname="tests.test_api.TestSoxWizard" name="test_sox_report_pdf" time="0.163" /><testcase classname="tests.test_api.TestSoxWizard" name="test_sox_readiness_score" time="0.110" /><testcase classname="tests.test_api.TestSoxWizard" name="test_eight_compliance_standards" time="0.105" /><testcase classname="tests.test_api.TestPolicyEngine" name="test_get_conflicts" time="0.168" /><testcase classname="tests.test_api.TestPolicyEngine" name="test_conflict_has_guidance" time="0.104" /><testcase classname="tests.test_api.TestPolicyEngine" name="test_conflicts_find_gaps" time="0.103" /><testcase classname="tests.test_api.TestPolicyEngine" name="test_resolve_conflict_with_notes" time="0.285" /><testcase classname="tests.test_api.TestPolicyEngine" name="test_resolve_conflict_notes_too_short" time="0.178" /><testcase classname="tests.test_api.TestPolicyEngine" name="test_guidance_endpoint" time="0.190" /><testcase classname="tests.test_api.TestPolicyEngine" name="test_resolve_creates_audit_log" time="0.231" /><testcase classname="tests.test_api.TestPolicyEngine" name="test_resolve_conflict" time="0.162" /><testcase classname="tests.test_api.TestPolicyEngine" name="test_scan_history" time="0.105" /><testcase classname="tests.test_api.TestScoreEngine" name="test_score_overview" time="0.137" /><testcase classname="tests.test_api.TestScoreEngine" name="test_score_overview_explainability" time="0.125" /><testcase classname="tests.test_api.TestScoreEngine" name="test_score_agents" time="0.110" /><testcase classname="tests.test_api.TestScoreEngine" name="test_score_agent_single" time="0.171" /><testcase classname="tests.test_api.TestScoreEngine" name="test_score_agent_not_found" time="0.116" /><testcase classname="tests.test_api.TestScoreEngine" name="test_score_standards" time="0.122" /><testcase classname="tests.test_api.TestScoreEngine" name="test_score_history" time="0.115" /><testcase classname="tests.test_api.TestScoreEngine" name="test_score_insights" time="0.120" /><testcase classname="tests.test_api.TestScoreEngine" name="test_score_conflict_integration" time="0.117" /><testcase classname="tests.test_api.TestScoreEngine" name="test_score_bands_distribution" time="0.106" /><testcase classname="tests.test_api.TestScoreEngine" name="test_score_remediations_have_impact" time="0.117" /></testsuite></testsuites>