<?xml version="1.0" encoding="utf-8"?><testsuites name="pytest tests"><testsuite name="pytest" errors="0" failures="0" skipped="0" tests="39" time="12.345" timestamp="2026-04-08T15:22:35.443517+00:00" hostname="agent-env-852a709f-b77d-49bd-9470-fe245eb0fdbc"><testcase classname="backend.tests.test_api.TestAuth" name="test_login_success" time="0.441" /><testcase classname="backend.tests.test_api.TestAuth" name="test_login_invalid_credentials" time="0.353" /><testcase classname="backend.tests.test_api.TestAuth" name="test_login_nonexistent_user" time="0.129" /><testcase classname="backend.tests.test_api.TestAuth" name="test_me_without_token" time="0.120" /><testcase classname="backend.tests.test_api.TestAuth" name="test_me_with_valid_token" time="0.427" /><testcase classname="backend.tests.test_api.TestAgents" name="test_list_agents" time="0.426" /><testcase classname="backend.tests.test_api.TestAgents" name="test_create_agent" time="0.162" /><testcase classname="backend.tests.test_api.TestAgents" name="test_get_agent" time="0.221" /><testcase classname="backend.tests.test_api.TestAgents" name="test_update_agent" time="0.278" /><testcase classname="backend.tests.test_api.TestAgents" name="test_delete_agent" time="0.418" /><testcase classname="backend.tests.test_api.TestAgents" name="test_get_nonexistent_agent" time="0.123" /><testcase classname="backend.tests.test_api.TestPolicies" name="test_list_policies" time="0.146" /><testcase classname="backend.tests.test_api.TestPolicies" name="test_create_policy" time="0.260" /><testcase classname="backend.tests.test_api.TestPolicies" name="test_update_policy" time="0.237" /><testcase classname="backend.tests.test_api.TestPolicies" name="test_delete_policy" time="2.789" /><testcase classname="backend.tests.test_api.TestAudit" name="test_list_audit_logs" time="0.159" /><testcase classname="backend.tests.test_api.TestAudit" name="test_audit_logs_contain_login" time="0.237" /><testcase classname="backend.tests.test_api.TestCompliance" name="test_list_compliance_standards" time="0.180" /><testcase classname="backend.tests.test_api.TestCompliance" name="test_sox_standard_present" time="0.165" /><testcase classname="backend.tests.test_api.TestCompliance" name="test_seven_compliance_standards" time="0.142" /><testcase classname="backend.tests.test_api.TestDashboard" name="test_get_dashboard_stats" time="0.133" /><testcase classname="backend.tests.test_api.TestChat" name="test_chat_message" time="1.326" /><testcase classname="backend.tests.test_api.TestSecurityHeaders" name="test_security_headers_present" time="0.592" /><testcase classname="backend.tests.test_api.TestRoleBasedAccess" name="test_viewer_cannot_create_agent" time="0.153" /><testcase classname="backend.tests.test_api.TestSoxWizard" name="test_get_sox_controls" time="0.407" /><testcase classname="backend.tests.test_api.TestSoxWizard" name="test_patch_sox_control" time="0.178" /><testcase classname="backend.tests.test_api.TestSoxWizard" name="test_sox_report_json" time="0.109" /><testcase classname="backend.tests.test_api.TestSoxWizard" name="test_sox_report_pdf" time="0.126" /><testcase classname="backend.tests.test_api.TestSoxWizard" name="test_sox_readiness_score" time="0.127" /><testcase classname="backend.tests.test_api.TestSoxWizard" name="test_eight_compliance_standards" time="0.120" /><testcase classname="backend.tests.test_api.TestPolicyEngine" name="test_get_conflicts" time="0.131" /><testcase classname="backend.tests.test_api.TestPolicyEngine" name="test_conflict_has_guidance" time="0.131" /><testcase classname="backend.tests.test_api.TestPolicyEngine" name="test_conflicts_find_gaps" time="0.120" /><testcase classname="backend.tests.test_api.TestPolicyEngine" name="test_resolve_conflict_with_notes" time="0.185" /><testcase classname="backend.tests.test_api.TestPolicyEngine" name="test_resolve_conflict_notes_too_short" time="0.231" /><testcase classname="backend.tests.test_api.TestPolicyEngine" name="test_guidance_endpoint" time="0.182" /><testcase classname="backend.tests.test_api.TestPolicyEngine" name="test_resolve_creates_audit_log" time="0.253" /><testcase classname="backend.tests.test_api.TestPolicyEngine" name="test_resolve_conflict" time="0.179" /><testcase classname="backend.tests.test_api.TestPolicyEngine" name="test_scan_history" time="0.145" /></testsuite></testsuites>