<?xml version="1.0" encoding="utf-8"?><testsuites name="pytest tests"><testsuite name="pytest" errors="0" failures="0" skipped="0" tests="11" time="2.009" timestamp="2026-04-08T15:54:19.741805+00:00" hostname="agent-env-852a709f-b77d-49bd-9470-fe245eb0fdbc"><testcase classname="tests.test_api.TestScoreEngine" name="test_score_overview" time="0.505" /><testcase classname="tests.test_api.TestScoreEngine" name="test_score_overview_explainability" time="0.153" /><testcase classname="tests.test_api.TestScoreEngine" name="test_score_agents" time="0.116" /><testcase classname="tests.test_api.TestScoreEngine" name="test_score_agent_single" time="0.207" /><testcase classname="tests.test_api.TestScoreEngine" name="test_score_agent_not_found" time="0.142" /><testcase classname="tests.test_api.TestScoreEngine" name="test_score_standards" time="0.118" /><testcase classname="tests.test_api.TestScoreEngine" name="test_score_history" time="0.113" /><testcase classname="tests.test_api.TestScoreEngine" name="test_score_insights" time="0.194" /><testcase classname="tests.test_api.TestScoreEngine" name="test_score_conflict_integration" time="0.145" /><testcase classname="tests.test_api.TestScoreEngine" name="test_score_bands_distribution" time="0.107" /><testcase classname="tests.test_api.TestScoreEngine" name="test_score_remediations_have_impact" time="0.124" /></testsuite></testsuites>